  Block.cpp
Block.cpp(7): warning C4996: 'strcpy': This function or variable may be unsafe. Consider using strcpy_s instead. To disable deprecation, use _CRT_SECURE_NO_WARNINGS. See online help for details.
  C:\Program Files (x86)\Windows Kits\10\Include\10.0.10240.0\ucrt\string.h(119): note: 'strcpy' 선언을 참조하십시오.
Block.cpp(8): warning C4996: 'strcpy': This function or variable may be unsafe. Consider using strcpy_s instead. To disable deprecation, use _CRT_SECURE_NO_WARNINGS. See online help for details.
  C:\Program Files (x86)\Windows Kits\10\Include\10.0.10240.0\ucrt\string.h(119): note: 'strcpy' 선언을 참조하십시오.
  BlockManager.cpp
  GButton.cpp
  GenreSelect.cpp
  GImage.cpp
  GRenderer.cpp
GRenderer.cpp(49): warning C4244: '인수': 'int'에서 'FLOAT'(으)로 변환하면서 데이터가 손실될 수 있습니다.
GRenderer.cpp(52): warning C4244: '인수': 'int'에서 'FLOAT'(으)로 변환하면서 데이터가 손실될 수 있습니다.
  GState.cpp
  GStateManager.cpp
  GWindow.cpp
GWindow.cpp(25): warning C4101: 'hWndButton' :참조되지 않은 지역 변수입니다.
  LogoState.cpp
LogoState.cpp(11): warning C4101: 'r' :참조되지 않은 지역 변수입니다.
  mainProc.cpp
  ProblemState.cpp
ProblemState.cpp(23): warning C4996: 'sprintf': This function or variable may be unsafe. Consider using sprintf_s instead. To disable deprecation, use _CRT_SECURE_NO_WARNINGS. See online help for details.
  C:\Program Files (x86)\Windows Kits\10\Include\10.0.10240.0\ucrt\stdio.h(1769): note: 'sprintf' 선언을 참조하십시오.
  StageState.cpp
  코드를 생성하고 있습니다.
  All 80 functions were compiled because no usable IPDB/IOBJ from previous compilation was found.
  코드를 생성했습니다.
  win32Project.vcxproj -> C:\Users\Q2556N\Desktop\git\Release\win32Project.exe
